  main.cpp
C:\Users\ivanl\Desktop\html\EduCore\main\main\main.cpp(66,31): warning C4244: 'argument': conversion from 'float' to 'int', possible loss of data
C:\Users\ivanl\Desktop\html\EduCore\main\main\main.cpp(68,72): warning C4244: 'argument': conversion from 'float' to 'int', possible loss of data
C:\Users\ivanl\Desktop\html\EduCore\main\main\main.cpp(68,50): warning C4244: 'argument': conversion from 'float' to 'int', possible loss of data
C:\Users\ivanl\Desktop\html\EduCore\main\main\main.cpp(74,100): warning C4244: 'argument': conversion from 'float' to 'int', possible loss of data
C:\Users\ivanl\Desktop\html\EduCore\main\main\main.cpp(74,80): warning C4244: 'argument': conversion from 'float' to 'int', possible loss of data
C:\Users\ivanl\Desktop\html\EduCore\main\main\main.cpp(74,52): warning C4244: 'argument': conversion from 'float' to 'int', possible loss of data
C:\Users\ivanl\Desktop\html\EduCore\main\main\main.cpp(74,36): warning C4244: 'argument': conversion from 'float' to 'int', possible loss of data
C:\Users\ivanl\Desktop\html\EduCore\main\main\main.cpp(78,80): warning C4244: 'argument': conversion from 'float' to 'int', possible loss of data
C:\Users\ivanl\Desktop\html\EduCore\main\main\main.cpp(78,60): warning C4244: 'argument': conversion from 'float' to 'int', possible loss of data
C:\Users\ivanl\Desktop\html\EduCore\main\main\main.cpp(79,139): warning C4244: 'argument': conversion from 'float' to 'int', possible loss of data
C:\Users\ivanl\Desktop\html\EduCore\main\main\main.cpp(79,119): warning C4244: 'argument': conversion from 'float' to 'int', possible loss of data
C:\Users\ivanl\Desktop\html\EduCore\main\main\main.cpp(80,180): warning C4244: 'argument': conversion from 'float' to 'int', possible loss of data
C:\Users\ivanl\Desktop\html\EduCore\main\main\main.cpp(80,155): warning C4244: 'argument': conversion from 'float' to 'int', possible loss of data
C:\Users\ivanl\Desktop\html\EduCore\main\main\main.cpp(81,74): warning C4244: 'argument': conversion from 'float' to 'int', possible loss of data
C:\Users\ivanl\Desktop\html\EduCore\main\main\main.cpp(81,49): warning C4244: 'argument': conversion from 'float' to 'int', possible loss of data
C:\Users\ivanl\Desktop\html\EduCore\main\main\main.cpp(82,124): warning C4244: 'argument': conversion from 'float' to 'int', possible loss of data
C:\Users\ivanl\Desktop\html\EduCore\main\main\main.cpp(82,99): warning C4244: 'argument': conversion from 'float' to 'int', possible loss of data
C:\Users\ivanl\Desktop\html\EduCore\main\main\main.cpp(84,97): warning C4244: 'argument': conversion from 'float' to 'int', possible loss of data
C:\Users\ivanl\Desktop\html\EduCore\main\main\main.cpp(93,73): warning C4244: 'argument': conversion from 'float' to 'int', possible loss of data
C:\Users\ivanl\Desktop\html\EduCore\main\main\main.cpp(93,51): warning C4244: 'argument': conversion from 'float' to 'int', possible loss of data
C:\Users\ivanl\Desktop\html\EduCore\main\main\main.cpp(94,31): warning C4244: 'argument': conversion from 'float' to 'int', possible loss of data
C:\Users\ivanl\Desktop\html\EduCore\main\main\main.cpp(98,118): warning C4244: 'argument': conversion from 'float' to 'int', possible loss of data
C:\Users\ivanl\Desktop\html\EduCore\main\main\main.cpp(98,110): warning C4244: 'argument': conversion from 'float' to 'int', possible loss of data
C:\Users\ivanl\Desktop\html\EduCore\main\main\main.cpp(98,72): warning C4244: 'argument': conversion from 'float' to 'int', possible loss of data
C:\Users\ivanl\Desktop\html\EduCore\main\main\main.cpp(98,46): warning C4244: 'argument': conversion from 'float' to 'int', possible loss of data
C:\Users\ivanl\Desktop\html\EduCore\main\main\main.cpp(99,100): warning C4244: 'argument': conversion from 'float' to 'int', possible loss of data
C:\Users\ivanl\Desktop\html\EduCore\main\main\main.cpp(99,62): warning C4244: 'argument': conversion from 'float' to 'int', possible loss of data
C:\Users\ivanl\Desktop\html\EduCore\main\main\main.cpp(103,141): warning C4244: 'argument': conversion from 'float' to 'int', possible loss of data
C:\Users\ivanl\Desktop\html\EduCore\main\main\main.cpp(103,136): warning C4244: 'argument': conversion from 'float' to 'int', possible loss of data
C:\Users\ivanl\Desktop\html\EduCore\main\main\main.cpp(103,90): warning C4244: 'argument': conversion from 'float' to 'int', possible loss of data
C:\Users\ivanl\Desktop\html\EduCore\main\main\main.cpp(103,55): warning C4244: 'argument': conversion from 'float' to 'int', possible loss of data
C:\Users\ivanl\Desktop\html\EduCore\main\main\main.cpp(104,100): warning C4244: 'argument': conversion from 'float' to 'int', possible loss of data
C:\Users\ivanl\Desktop\html\EduCore\main\main\main.cpp(104,60): warning C4244: 'argument': conversion from 'float' to 'int', possible loss of data
C:\Users\ivanl\Desktop\html\EduCore\main\main\main.cpp(108,144): warning C4244: 'argument': conversion from 'float' to 'int', possible loss of data
C:\Users\ivanl\Desktop\html\EduCore\main\main\main.cpp(108,139): warning C4244: 'argument': conversion from 'float' to 'int', possible loss of data
C:\Users\ivanl\Desktop\html\EduCore\main\main\main.cpp(108,94): warning C4244: 'argument': conversion from 'float' to 'int', possible loss of data
C:\Users\ivanl\Desktop\html\EduCore\main\main\main.cpp(108,57): warning C4244: 'argument': conversion from 'float' to 'int', possible loss of data
C:\Users\ivanl\Desktop\html\EduCore\main\main\main.cpp(109,94): warning C4244: 'argument': conversion from 'float' to 'int', possible loss of data
C:\Users\ivanl\Desktop\html\EduCore\main\main\main.cpp(109,52): warning C4244: 'argument': conversion from 'float' to 'int', possible loss of data
  main.vcxproj -> C:\Users\ivanl\Desktop\html\EduCore\main\x64\Debug\main.exe
  'pwsh.exe' is not recognized as an internal or external command,
  operable program or batch file.
